2008-05-19 11:32:59 : ERROR: Line 3 in crontab is not valid!
"** ddd"
2008-05-19 11:38:20 : ERROR: Line 3 in crontab is not valid!
"** ddd"
2008-05-19 11:47:02 : ERROR: Line 3 in crontab is not valid!
"** ddd"
2008-05-19 11:50:34 : ERROR: Line 3 in crontab is not valid!
"** ddd"
2008-05-19 11:51:02 : ERROR: Line 3 in crontab is not valid!
"** ddd"
2008-05-19 12:00:46 : ERROR: Line 3 in crontab is not valid!
"** ddd"
2008-05-19 12:01:28 : ERROR: Line 3 in crontab is not valid!
"** ddd"
2008-05-19 12:01:56 : ERROR: Line 3 in crontab is not valid!
"** ddd"
2008-05-19 12:06:01 : ERROR: Line 3 in crontab is not valid!
"** ddd"
2008-05-19 12:06:14 : ERROR: Line 3 in crontab is not valid!
"** ddd"
2008-05-19 12:07:14 : crontab was modified. Read it again...
2008-05-19 12:07:14 : ERROR: Line 3 in crontab is not valid!
"** ddd"
2008-05-19 12:17:12 : wxCron 0.0.0 alpha started...
2008-05-19 12:17:12 : ERROR: Line 3 in crontab is not valid!
"** ddd"
2008-05-19 12:17:28 : Close wxCron...

2008-05-19 14:20:23 : wxCron 0.0.0 alpha started...
2008-05-19 14:20:23 : ERROR: Line 3 in crontab is not valid!
"** ddd"
2008-05-19 14:20:35 : Close wxCron...

2008-05-19 14:54:36 : wxCron 0.0.0 alpha started...
2008-05-19 14:55:09 : Close wxCron...

